<?xml version="1.0" encoding="UTF-8"?>
<testsuite name="Login Test"
           tests="2"
           failures="0"
           errors="0"
           skipped="0"
           time="15.413">
  <properties />
  
  
            <testcase name="verifyThatUserPlaceOrderSuccessfully" time="14.105" classname="com.tutorialsninja.testsuite.LaptopsAndNoteBooksTest" />
                <testcase name="verifyProductsPriceDisplayHighToLowSuccessfully" time="1.308" classname="com.tutorialsninja.testsuite.LaptopsAndNoteBooksTest" />
      
</testsuite>
